<?xml version="1.0" encoding="UTF-8"?>
<testsuite name="Write a text" tests="1" skipped="0" failures="0" errors="0" timestamp="2023-03-30T14:15:28" hostname="LAPTOP-IU6ROQQ0" time="20.206">
  <properties/>
  <testcase name="Write a enriched text" classname="Write a text" time="20.206"/>
  <system-out><![CDATA[]]></system-out>
  <system-err><![CDATA[Starting ChromeDriver 111.0.5563.64 (c710e93d5b63b7095afe8c2c17df34408078439d-refs/branch-heads/5563@{#995}) on port 4506
Only local connections are allowed.
Please see https://chromedriver.chromium.org/security-considerations for suggestions on keeping ChromeDriver safe.
ChromeDriver was started successfully.
mar. 30, 2023 9:15:31 A. M. org.openqa.selenium.devtools.CdpVersionFinder findNearestMatch
WARNING: Unable to find an exact match for CDP version 111, so returning the closest version found: 110
]]></system-err>
</testsuite>
